Build started 8/24/2022 1:32:51 PM.
     1>Project "C:\Users\syeda\OneDrive - Bowie State\Misc\DirectX\Week 9\AudioXACT3\AudioXACT3\AudioXACT3.vcxproj" on node 2 (build target(s)).
     1>InitializeBuildStatus:
         Creating "Debug\AudioXACT3.unsuccessfulbuild" because "AlwaysCreate" was specified.
       ClCompile:
         C:\Program Files (x86)\Microsoft Visual Studio 10.0\VC\bin\CL.exe /c /ZI /nologo /W3 /WX- /Od /Oy- /D WIN32 /D _DEBUG /D _WINDOWS /D _UNICODE /D UNICODE /Gm /EHsc /RTC1 /MDd /GS /fp:precise /Zc:wchar_t /Zc:forScope /Fo"Debug\\" /Fd"Debug\vc100.pdb" /Gd /TP /analyze- /errorReport:prompt DemoAudioXACT3.cpp
         DemoAudioXACT3.cpp
       ManifestResourceCompile:
         All outputs are up-to-date.
       Link:
         C:\Program Files (x86)\Microsoft Visual Studio 10.0\VC\bin\link.exe /ERRORREPORT:PROMPT /OUT:"C:\Users\syeda\OneDrive - Bowie State\Misc\DirectX\Week 9\AudioXACT3\Debug\AudioXACT3.exe" /INCREMENTAL /NOLOGO d3d11.lib d3dx11.lib d3dcompiler.lib dxerr.lib kernel32.lib user32.lib gdi32.lib winspool.lib comdlg32.lib advapi32.lib shell32.lib ole32.lib oleaut32.lib uuid.lib odbc32.lib odbccp32.lib /MANIFEST /ManifestFile:"Debug\AudioXACT3.exe.intermediate.manifest" /MANIFESTUAC:"level='asInvoker' uiAccess='false'" /DEBUG /PDB:"C:\Users\syeda\OneDrive - Bowie State\Misc\DirectX\Week 9\AudioXACT3\Debug\AudioXACT3.pdb" /SUBSYSTEM:WINDOWS /TLBID:1 /DYNAMICBASE /NXCOMPAT /IMPLIB:"C:\Users\syeda\OneDrive - Bowie State\Misc\DirectX\Week 9\AudioXACT3\Debug\AudioXACT3.lib" /MACHINE:X86 Debug\AudioXACT3.exe.embed.manifest.res
         Debug\DemoAudioXACT3.obj
         Debug\Dx11Base.obj
         Debug\main.obj
         Debug\XACT3Util.obj
       Manifest:
         C:\Program Files (x86)\Microsoft SDKs\Windows\v7.0A\bin\mt.exe /nologo /verbose /out:"Debug\AudioXACT3.exe.embed.manifest" /manifest Debug\AudioXACT3.exe.intermediate.manifest
         All outputs are up-to-date.
       LinkEmbedManifest:
         All outputs are up-to-date.
         AudioXACT3.vcxproj -> C:\Users\syeda\OneDrive - Bowie State\Misc\DirectX\Week 9\AudioXACT3\Debug\AudioXACT3.exe
       FinalizeBuildStatus:
         Deleting file "Debug\AudioXACT3.unsuccessfulbuild".
         Touching "Debug\AudioXACT3.lastbuildstate".
     1>Done Building Project "C:\Users\syeda\OneDrive - Bowie State\Misc\DirectX\Week 9\AudioXACT3\AudioXACT3\AudioXACT3.vcxproj" (build target(s)).

Build succeeded.

Time Elapsed 00:00:00.84
