C:\USERS\SYEDA\ONEDRIVE - BOWIE STATE\MISC\DIRECTX\WEEK 3\TEXTURE\DEBUG\TEXTURE.EXE
C:\USERS\SYEDA\ONEDRIVE - BOWIE STATE\MISC\DIRECTX\WEEK 3\TEXTURE\DEBUG\TEXTURE.ILK
C:\USERS\SYEDA\ONEDRIVE - BOWIE STATE\MISC\DIRECTX\WEEK 3\TEXTURE\DEBUG\TEXTURE.PDB
C:\Users\syeda\OneDrive - Bowie State\Misc\DirectX\Week 3\Texture\Texture\Debug\cl.command.1.tlog
C:\Users\syeda\OneDrive - Bowie State\Misc\DirectX\Week 3\Texture\Texture\Debug\CL.read.1.tlog
C:\Users\syeda\OneDrive - Bowie State\Misc\DirectX\Week 3\Texture\Texture\Debug\CL.write.1.tlog
C:\USERS\SYEDA\ONEDRIVE - BOWIE STATE\MISC\DIRECTX\WEEK 3\TEXTURE\TEXTURE\DEBUG\DEMOTEXTURE.OBJ
C:\USERS\SYEDA\ONEDRIVE - BOWIE STATE\MISC\DIRECTX\WEEK 3\TEXTURE\TEXTURE\DEBUG\DX11BASE.OBJ
C:\Users\syeda\OneDrive - Bowie State\Misc\DirectX\Week 3\Texture\Texture\Debug\link.8548.read.1.tlog
C:\Users\syeda\OneDrive - Bowie State\Misc\DirectX\Week 3\Texture\Texture\Debug\link.8548.write.1.tlog
C:\Users\syeda\OneDrive - Bowie State\Misc\DirectX\Week 3\Texture\Texture\Debug\link.8548-cvtres.read.1.tlog
C:\Users\syeda\OneDrive - Bowie State\Misc\DirectX\Week 3\Texture\Texture\Debug\link.8548-cvtres.write.1.tlog
C:\Users\syeda\OneDrive - Bowie State\Misc\DirectX\Week 3\Texture\Texture\Debug\link.command.1.tlog
C:\Users\syeda\OneDrive - Bowie State\Misc\DirectX\Week 3\Texture\Texture\Debug\link.read.1.tlog
C:\Users\syeda\OneDrive - Bowie State\Misc\DirectX\Week 3\Texture\Texture\Debug\link.write.1.tlog
C:\Users\syeda\OneDrive - Bowie State\Misc\DirectX\Week 3\Texture\Texture\Debug\link-cvtres.read.1.tlog
C:\Users\syeda\OneDrive - Bowie State\Misc\DirectX\Week 3\Texture\Texture\Debug\link-cvtres.write.1.tlog
C:\USERS\SYEDA\ONEDRIVE - BOWIE STATE\MISC\DIRECTX\WEEK 3\TEXTURE\TEXTURE\DEBUG\MAIN.OBJ
C:\Users\syeda\OneDrive - Bowie State\Misc\DirectX\Week 3\Texture\Texture\Debug\mt.command.1.tlog
C:\Users\syeda\OneDrive - Bowie State\Misc\DirectX\Week 3\Texture\Texture\Debug\mt.read.1.tlog
C:\Users\syeda\OneDrive - Bowie State\Misc\DirectX\Week 3\Texture\Texture\Debug\mt.write.1.tlog
C:\Users\syeda\OneDrive - Bowie State\Misc\DirectX\Week 3\Texture\Texture\Debug\rc.command.1.tlog
C:\Users\syeda\OneDrive - Bowie State\Misc\DirectX\Week 3\Texture\Texture\Debug\rc.read.1.tlog
C:\Users\syeda\OneDrive - Bowie State\Misc\DirectX\Week 3\Texture\Texture\Debug\rc.write.1.tlog
C:\USERS\SYEDA\ONEDRIVE - BOWIE STATE\MISC\DIRECTX\WEEK 3\TEXTURE\TEXTURE\DEBUG\TEXTURE.EXE.EMBED.MANIFEST
C:\USERS\SYEDA\ONEDRIVE - BOWIE STATE\MISC\DIRECTX\WEEK 3\TEXTURE\TEXTURE\DEBUG\TEXTURE.EXE.EMBED.MANIFEST.RES
C:\USERS\SYEDA\ONEDRIVE - BOWIE STATE\MISC\DIRECTX\WEEK 3\TEXTURE\TEXTURE\DEBUG\TEXTURE.EXE.INTERMEDIATE.MANIFEST
C:\Users\syeda\OneDrive - Bowie State\Misc\DirectX\Week 3\Texture\Texture\Debug\Texture.write.1.tlog
C:\Users\syeda\OneDrive - Bowie State\Misc\DirectX\Week 3\Texture\Texture\Debug\Texture_manifest.rc
C:\Users\syeda\OneDrive - Bowie State\Misc\DirectX\Week 3\Texture\Texture\Debug\vc100.idb
C:\USERS\SYEDA\ONEDRIVE - BOWIE STATE\MISC\DIRECTX\WEEK 3\TEXTURE\TEXTURE\DEBUG\VC100.PDB
