C:\USERS\SYEDA\ONEDRIVE - BOWIE STATE\MISC\DIRECTX\WEEK 8\MODEL\DEBUG\MODEL.EXE
C:\USERS\SYEDA\ONEDRIVE - BOWIE STATE\MISC\DIRECTX\WEEK 8\MODEL\DEBUG\MODEL.ILK
C:\USERS\SYEDA\ONEDRIVE - BOWIE STATE\MISC\DIRECTX\WEEK 8\MODEL\DEBUG\MODEL.PDB
C:\Users\syeda\OneDrive - Bowie State\Misc\DirectX\Week 8\Model\Model\Debug\cl.command.1.tlog
C:\Users\syeda\OneDrive - Bowie State\Misc\DirectX\Week 8\Model\Model\Debug\CL.read.1.tlog
C:\Users\syeda\OneDrive - Bowie State\Misc\DirectX\Week 8\Model\Model\Debug\CL.write.1.tlog
C:\USERS\SYEDA\ONEDRIVE - BOWIE STATE\MISC\DIRECTX\WEEK 8\MODEL\MODEL\DEBUG\DEMOMODEL.OBJ
C:\USERS\SYEDA\ONEDRIVE - BOWIE STATE\MISC\DIRECTX\WEEK 8\MODEL\MODEL\DEBUG\DX11BASE.OBJ
C:\Users\syeda\OneDrive - Bowie State\Misc\DirectX\Week 8\Model\Model\Debug\link.6188.read.1.tlog
C:\Users\syeda\OneDrive - Bowie State\Misc\DirectX\Week 8\Model\Model\Debug\link.6188.write.1.tlog
C:\Users\syeda\OneDrive - Bowie State\Misc\DirectX\Week 8\Model\Model\Debug\link.6188-cvtres.read.1.tlog
C:\Users\syeda\OneDrive - Bowie State\Misc\DirectX\Week 8\Model\Model\Debug\link.6188-cvtres.write.1.tlog
C:\Users\syeda\OneDrive - Bowie State\Misc\DirectX\Week 8\Model\Model\Debug\link.command.1.tlog
C:\Users\syeda\OneDrive - Bowie State\Misc\DirectX\Week 8\Model\Model\Debug\link.read.1.tlog
C:\Users\syeda\OneDrive - Bowie State\Misc\DirectX\Week 8\Model\Model\Debug\link.write.1.tlog
C:\Users\syeda\OneDrive - Bowie State\Misc\DirectX\Week 8\Model\Model\Debug\link-cvtres.read.1.tlog
C:\Users\syeda\OneDrive - Bowie State\Misc\DirectX\Week 8\Model\Model\Debug\link-cvtres.write.1.tlog
C:\USERS\SYEDA\ONEDRIVE - BOWIE STATE\MISC\DIRECTX\WEEK 8\MODEL\MODEL\DEBUG\MAIN.OBJ
C:\USERS\SYEDA\ONEDRIVE - BOWIE STATE\MISC\DIRECTX\WEEK 8\MODEL\MODEL\DEBUG\MODEL.EXE.EMBED.MANIFEST
C:\USERS\SYEDA\ONEDRIVE - BOWIE STATE\MISC\DIRECTX\WEEK 8\MODEL\MODEL\DEBUG\MODEL.EXE.EMBED.MANIFEST.RES
C:\USERS\SYEDA\ONEDRIVE - BOWIE STATE\MISC\DIRECTX\WEEK 8\MODEL\MODEL\DEBUG\MODEL.EXE.INTERMEDIATE.MANIFEST
C:\Users\syeda\OneDrive - Bowie State\Misc\DirectX\Week 8\Model\Model\Debug\Model.vcxprojResolveAssemblyReference.cache
C:\Users\syeda\OneDrive - Bowie State\Misc\DirectX\Week 8\Model\Model\Debug\Model.write.1.tlog
C:\Users\syeda\OneDrive - Bowie State\Misc\DirectX\Week 8\Model\Model\Debug\Model_manifest.rc
C:\Users\syeda\OneDrive - Bowie State\Misc\DirectX\Week 8\Model\Model\Debug\mt.command.1.tlog
C:\Users\syeda\OneDrive - Bowie State\Misc\DirectX\Week 8\Model\Model\Debug\mt.read.1.tlog
C:\Users\syeda\OneDrive - Bowie State\Misc\DirectX\Week 8\Model\Model\Debug\mt.write.1.tlog
C:\USERS\SYEDA\ONEDRIVE - BOWIE STATE\MISC\DIRECTX\WEEK 8\MODEL\MODEL\DEBUG\OBJPARSER.OBJ
C:\Users\syeda\OneDrive - Bowie State\Misc\DirectX\Week 8\Model\Model\Debug\rc.command.1.tlog
C:\Users\syeda\OneDrive - Bowie State\Misc\DirectX\Week 8\Model\Model\Debug\rc.read.1.tlog
C:\Users\syeda\OneDrive - Bowie State\Misc\DirectX\Week 8\Model\Model\Debug\rc.write.1.tlog
C:\Users\syeda\OneDrive - Bowie State\Misc\DirectX\Week 8\Model\Model\Debug\vc100.idb
C:\USERS\SYEDA\ONEDRIVE - BOWIE STATE\MISC\DIRECTX\WEEK 8\MODEL\MODEL\DEBUG\VC100.PDB
