Build started 8/22/2022 6:58:16 PM.
     1>Project "C:\Users\syeda\OneDrive - Bowie State\Misc\DirectX\Week 8\Model\Model\Model.vcxproj" on node 2 (build target(s)).
     1>InitializeBuildStatus:
         Creating "Debug\Model.unsuccessfulbuild" because "AlwaysCreate" was specified.
       ClCompile:
         C:\Program Files (x86)\Microsoft Visual Studio 10.0\VC\bin\CL.exe /c /ZI /nologo /W3 /WX- /Od /Oy- /D WIN32 /D _DEBUG /D _WINDOWS /D _UNICODE /D UNICODE /Gm /EHsc /RTC1 /MDd /GS /fp:precise /Zc:wchar_t /Zc:forScope /Fo"Debug\\" /Fd"Debug\vc100.pdb" /Gd /TP /analyze- /errorReport:prompt ObjParser.cpp
         ObjParser.cpp
       ManifestResourceCompile:
         All outputs are up-to-date.
       Link:
         C:\Program Files (x86)\Microsoft Visual Studio 10.0\VC\bin\link.exe /ERRORREPORT:PROMPT /OUT:"C:\Users\syeda\OneDrive - Bowie State\Misc\DirectX\Week 8\Model\Debug\Model.exe" /INCREMENTAL /NOLOGO d3d11.lib d3dx11.lib d3dcompiler.lib dxerr.lib kernel32.lib user32.lib gdi32.lib winspool.lib comdlg32.lib advapi32.lib shell32.lib ole32.lib oleaut32.lib uuid.lib odbc32.lib odbccp32.lib /MANIFEST /ManifestFile:"Debug\Model.exe.intermediate.manifest" /MANIFESTUAC:"level='asInvoker' uiAccess='false'" /DEBUG /PDB:"C:\Users\syeda\OneDrive - Bowie State\Misc\DirectX\Week 8\Model\Debug\Model.pdb" /SUBSYSTEM:WINDOWS /TLBID:1 /DYNAMICBASE /NXCOMPAT /IMPLIB:"C:\Users\syeda\OneDrive - Bowie State\Misc\DirectX\Week 8\Model\Debug\Model.lib" /MACHINE:X86 Debug\Model.exe.embed.manifest.res
         Debug\DemoModel.obj
         Debug\Dx11Base.obj
         Debug\main.obj
         Debug\ObjParser.obj
       Manifest:
         C:\Program Files (x86)\Microsoft SDKs\Windows\v7.0A\bin\mt.exe /nologo /verbose /out:"Debug\Model.exe.embed.manifest" /manifest Debug\Model.exe.intermediate.manifest
         All outputs are up-to-date.
       LinkEmbedManifest:
         All outputs are up-to-date.
         Model.vcxproj -> C:\Users\syeda\OneDrive - Bowie State\Misc\DirectX\Week 8\Model\Debug\Model.exe
       FinalizeBuildStatus:
         Deleting file "Debug\Model.unsuccessfulbuild".
         Touching "Debug\Model.lastbuildstate".
     1>Done Building Project "C:\Users\syeda\OneDrive - Bowie State\Misc\DirectX\Week 8\Model\Model\Model.vcxproj" (build target(s)).

Build succeeded.

Time Elapsed 00:00:00.86
