C:\USERS\SYEDA\ONEDRIVE - BOWIE STATE\MISC\DIRECTX\WEEK 10\BASICDX11APP3D\BASICDX11APP3D\DEBUG\BASICDX11APP3D.EXE.EMBED.MANIFEST
C:\USERS\SYEDA\ONEDRIVE - BOWIE STATE\MISC\DIRECTX\WEEK 10\BASICDX11APP3D\BASICDX11APP3D\DEBUG\BASICDX11APP3D.EXE.EMBED.MANIFEST.RES
C:\USERS\SYEDA\ONEDRIVE - BOWIE STATE\MISC\DIRECTX\WEEK 10\BASICDX11APP3D\BASICDX11APP3D\DEBUG\BASICDX11APP3D.EXE.INTERMEDIATE.MANIFEST
C:\USERS\SYEDA\ONEDRIVE - BOWIE STATE\MISC\DIRECTX\WEEK 10\BASICDX11APP3D\BASICDX11APP3D\DEBUG\BASICDX11APP3D.OBJ
C:\USERS\SYEDA\ONEDRIVE - BOWIE STATE\MISC\DIRECTX\WEEK 10\BASICDX11APP3D\BASICDX11APP3D\DEBUG\BASICDX11APP3D.PCH
C:\Users\syeda\OneDrive - Bowie State\Misc\DirectX\Week 10\BasicDx11App3D\BasicDx11App3D\Debug\BasicDx11App3D.vcxprojResolveAssemblyReference.cache
C:\Users\syeda\OneDrive - Bowie State\Misc\DirectX\Week 10\BasicDx11App3D\BasicDx11App3D\Debug\BasicDx11App3D.write.1.tlog
C:\Users\syeda\OneDrive - Bowie State\Misc\DirectX\Week 10\BasicDx11App3D\BasicDx11App3D\Debug\BasicDx11App3D_manifest.rc
C:\Users\syeda\OneDrive - Bowie State\Misc\DirectX\Week 10\BasicDx11App3D\BasicDx11App3D\Debug\cl.command.1.tlog
C:\Users\syeda\OneDrive - Bowie State\Misc\DirectX\Week 10\BasicDx11App3D\BasicDx11App3D\Debug\CL.read.1.tlog
C:\Users\syeda\OneDrive - Bowie State\Misc\DirectX\Week 10\BasicDx11App3D\BasicDx11App3D\Debug\CL.write.1.tlog
C:\USERS\SYEDA\ONEDRIVE - BOWIE STATE\MISC\DIRECTX\WEEK 10\BASICDX11APP3D\BASICDX11APP3D\DEBUG\GXDEMOAPP.OBJ
C:\USERS\SYEDA\ONEDRIVE - BOWIE STATE\MISC\DIRECTX\WEEK 10\BASICDX11APP3D\BASICDX11APP3D\DEBUG\GXDX11BASE.OBJ
C:\USERS\SYEDA\ONEDRIVE - BOWIE STATE\MISC\DIRECTX\WEEK 10\BASICDX11APP3D\BASICDX11APP3D\DEBUG\GXOBJPARSER.OBJ
C:\Users\syeda\OneDrive - Bowie State\Misc\DirectX\Week 10\BasicDx11App3D\BasicDx11App3D\Debug\link.command.1.tlog
C:\Users\syeda\OneDrive - Bowie State\Misc\DirectX\Week 10\BasicDx11App3D\BasicDx11App3D\Debug\link.read.1.tlog
C:\Users\syeda\OneDrive - Bowie State\Misc\DirectX\Week 10\BasicDx11App3D\BasicDx11App3D\Debug\link.write.1.tlog
C:\Users\syeda\OneDrive - Bowie State\Misc\DirectX\Week 10\BasicDx11App3D\BasicDx11App3D\Debug\link-cvtres.read.1.tlog
C:\Users\syeda\OneDrive - Bowie State\Misc\DirectX\Week 10\BasicDx11App3D\BasicDx11App3D\Debug\link-cvtres.write.1.tlog
C:\Users\syeda\OneDrive - Bowie State\Misc\DirectX\Week 10\BasicDx11App3D\BasicDx11App3D\Debug\mt.command.1.tlog
C:\Users\syeda\OneDrive - Bowie State\Misc\DirectX\Week 10\BasicDx11App3D\BasicDx11App3D\Debug\mt.read.1.tlog
C:\Users\syeda\OneDrive - Bowie State\Misc\DirectX\Week 10\BasicDx11App3D\BasicDx11App3D\Debug\mt.write.1.tlog
C:\Users\syeda\OneDrive - Bowie State\Misc\DirectX\Week 10\BasicDx11App3D\BasicDx11App3D\Debug\rc.command.1.tlog
C:\Users\syeda\OneDrive - Bowie State\Misc\DirectX\Week 10\BasicDx11App3D\BasicDx11App3D\Debug\rc.read.1.tlog
C:\Users\syeda\OneDrive - Bowie State\Misc\DirectX\Week 10\BasicDx11App3D\BasicDx11App3D\Debug\rc.write.1.tlog
C:\USERS\SYEDA\ONEDRIVE - BOWIE STATE\MISC\DIRECTX\WEEK 10\BASICDX11APP3D\BASICDX11APP3D\DEBUG\STDAFX.OBJ
C:\Users\syeda\OneDrive - Bowie State\Misc\DirectX\Week 10\BasicDx11App3D\BasicDx11App3D\Debug\vc100.idb
C:\USERS\SYEDA\ONEDRIVE - BOWIE STATE\MISC\DIRECTX\WEEK 10\BASICDX11APP3D\BASICDX11APP3D\DEBUG\VC100.PDB
C:\USERS\SYEDA\ONEDRIVE - BOWIE STATE\MISC\DIRECTX\WEEK 10\BASICDX11APP3D\BASICDX11APP3D\DEBUG\XACT3UTIL.OBJ
C:\USERS\SYEDA\ONEDRIVE - BOWIE STATE\MISC\DIRECTX\WEEK 10\BASICDX11APP3D\DEBUG\BASICDX11APP3D.EXE
C:\USERS\SYEDA\ONEDRIVE - BOWIE STATE\MISC\DIRECTX\WEEK 10\BASICDX11APP3D\DEBUG\BASICDX11APP3D.PDB
