C:\USERS\SYEDA\ONEDRIVE - BOWIE STATE\MISC\DIRECTX\WEEK 4\TEXT\DEBUG\TEXT.EXE
C:\USERS\SYEDA\ONEDRIVE - BOWIE STATE\MISC\DIRECTX\WEEK 4\TEXT\DEBUG\TEXT.ILK
C:\USERS\SYEDA\ONEDRIVE - BOWIE STATE\MISC\DIRECTX\WEEK 4\TEXT\DEBUG\TEXT.PDB
C:\Users\syeda\OneDrive - Bowie State\Misc\DirectX\Week 4\Text\Text\Debug\cl.command.1.tlog
C:\Users\syeda\OneDrive - Bowie State\Misc\DirectX\Week 4\Text\Text\Debug\CL.read.1.tlog
C:\Users\syeda\OneDrive - Bowie State\Misc\DirectX\Week 4\Text\Text\Debug\CL.write.1.tlog
C:\USERS\SYEDA\ONEDRIVE - BOWIE STATE\MISC\DIRECTX\WEEK 4\TEXT\TEXT\DEBUG\DEMOTEXT.OBJ
C:\USERS\SYEDA\ONEDRIVE - BOWIE STATE\MISC\DIRECTX\WEEK 4\TEXT\TEXT\DEBUG\DX11BASE.OBJ
C:\Users\syeda\OneDrive - Bowie State\Misc\DirectX\Week 4\Text\Text\Debug\link.7388.read.1.tlog
C:\Users\syeda\OneDrive - Bowie State\Misc\DirectX\Week 4\Text\Text\Debug\link.7388.write.1.tlog
C:\Users\syeda\OneDrive - Bowie State\Misc\DirectX\Week 4\Text\Text\Debug\link.7388-cvtres.read.1.tlog
C:\Users\syeda\OneDrive - Bowie State\Misc\DirectX\Week 4\Text\Text\Debug\link.7388-cvtres.write.1.tlog
C:\Users\syeda\OneDrive - Bowie State\Misc\DirectX\Week 4\Text\Text\Debug\link.command.1.tlog
C:\Users\syeda\OneDrive - Bowie State\Misc\DirectX\Week 4\Text\Text\Debug\link.read.1.tlog
C:\Users\syeda\OneDrive - Bowie State\Misc\DirectX\Week 4\Text\Text\Debug\link.write.1.tlog
C:\Users\syeda\OneDrive - Bowie State\Misc\DirectX\Week 4\Text\Text\Debug\link-cvtres.read.1.tlog
C:\Users\syeda\OneDrive - Bowie State\Misc\DirectX\Week 4\Text\Text\Debug\link-cvtres.write.1.tlog
C:\USERS\SYEDA\ONEDRIVE - BOWIE STATE\MISC\DIRECTX\WEEK 4\TEXT\TEXT\DEBUG\MAIN.OBJ
C:\Users\syeda\OneDrive - Bowie State\Misc\DirectX\Week 4\Text\Text\Debug\mt.command.1.tlog
C:\Users\syeda\OneDrive - Bowie State\Misc\DirectX\Week 4\Text\Text\Debug\mt.read.1.tlog
C:\Users\syeda\OneDrive - Bowie State\Misc\DirectX\Week 4\Text\Text\Debug\mt.write.1.tlog
C:\Users\syeda\OneDrive - Bowie State\Misc\DirectX\Week 4\Text\Text\Debug\rc.command.1.tlog
C:\Users\syeda\OneDrive - Bowie State\Misc\DirectX\Week 4\Text\Text\Debug\rc.read.1.tlog
C:\Users\syeda\OneDrive - Bowie State\Misc\DirectX\Week 4\Text\Text\Debug\rc.write.1.tlog
C:\USERS\SYEDA\ONEDRIVE - BOWIE STATE\MISC\DIRECTX\WEEK 4\TEXT\TEXT\DEBUG\TEXT.EXE.EMBED.MANIFEST
C:\USERS\SYEDA\ONEDRIVE - BOWIE STATE\MISC\DIRECTX\WEEK 4\TEXT\TEXT\DEBUG\TEXT.EXE.EMBED.MANIFEST.RES
C:\USERS\SYEDA\ONEDRIVE - BOWIE STATE\MISC\DIRECTX\WEEK 4\TEXT\TEXT\DEBUG\TEXT.EXE.INTERMEDIATE.MANIFEST
C:\Users\syeda\OneDrive - Bowie State\Misc\DirectX\Week 4\Text\Text\Debug\Text.vcxprojResolveAssemblyReference.cache
C:\Users\syeda\OneDrive - Bowie State\Misc\DirectX\Week 4\Text\Text\Debug\Text.write.1.tlog
C:\Users\syeda\OneDrive - Bowie State\Misc\DirectX\Week 4\Text\Text\Debug\Text_manifest.rc
C:\Users\syeda\OneDrive - Bowie State\Misc\DirectX\Week 4\Text\Text\Debug\vc100.idb
C:\USERS\SYEDA\ONEDRIVE - BOWIE STATE\MISC\DIRECTX\WEEK 4\TEXT\TEXT\DEBUG\VC100.PDB
C:\Users\syeda\OneDrive - Bowie State\Misc\DirectX\Week 4\Text\Text\Debug\vc100-syedPC.idb
C:\Users\syeda\OneDrive - Bowie State\Misc\DirectX\Week 4\Text\Text\Debug\vc100-syedPC.pdb
